<?xml version="1.0" encoding="UTF-8"?>
<testsuite name="WallServiceTest" tests="1" skipped="0" failures="0" errors="0" timestamp="2021-10-28T16:05:33" hostname="MSI" time="0.038">
  <properties/>
  <testcase name="shouldThrow" classname="WallServiceTest" time="0.038"/>
  <system-out><![CDATA[o
]]></system-out>
  <system-err><![CDATA[]]></system-err>
</testsuite>
