<?xml version="1.0" encoding="UTF-8"?>
<testsuite name="WallServiceTest" tests="3" skipped="0" failures="0" errors="0" timestamp="2021-10-14T01:10:29" hostname="MSI" time="0.021">
  <properties/>
  <testcase name="update_NotExisting" classname="WallServiceTest" time="0.021"/>
  <testcase name="add" classname="WallServiceTest" time="0.0"/>
  <testcase name="update_Existing" classname="WallServiceTest" time="0.0"/>
  <system-out><![CDATA[]]></system-out>
  <system-err><![CDATA[]]></system-err>
</testsuite>
